<?xml version="1.0" encoding="UTF-8"?>
<!-- Generated by org.testng.reporters.JUnitXMLReporter -->
<testsuite hostname="Diya" name="Test" tests="14" failures="0" timestamp="25 Nov 2019 03:41:01 GMT" time="60.919" errors="0">
  <testcase name="HomePage_TitleTest" time="0.017" classname="testcases.HomePageTest"/>
  <testcase name="HomePage_ButtonClicksTest" time="0.096" classname="testcases.HomePageTest"/>
  <testcase name="HomePage_ToDoListTest" time="0.031" classname="testcases.HomePageTest"/>
  <testcase name="HomePage_PageObjectModelTest" time="0.073" classname="testcases.HomePageTest"/>
  <testcase name="HomePage_ButtonsClickLinkTest" time="0.137" classname="testcases.HomePageTest"/>
  <testcase name="ButtonClicks_HeaderTest" time="4.071" classname="testcases.ButtonClicksPageTest"/>
  <testcase name="ButtonClicks_WebElementClickTitleTest" time="0.023" classname="testcases.ButtonClicksPageTest"/>
  <testcase name="ButtonClicks_JavaScriptTitleTest" time="0.027" classname="testcases.ButtonClicksPageTest"/>
  <testcase name="ButtonClicks_ActionTitleTest" time="0.027" classname="testcases.ButtonClicksPageTest"/>
  <testcase name="ButtonClicks_JSClickTest" time="8.241" classname="testcases.ButtonClicksPageTest"/>
  <testcase name="ButtonClicks_ActionMoveClickTest" time="8.277" classname="testcases.ButtonClicksPageTest"/>
  <testcase name="TDL_TitleTest" time="4.103" classname="testcases.ToDoListPageTest"/>
  <testcase name="TDL_AddNewToDoTest" time="0.193" classname="testcases.ToDoListPageTest"/>
  <testcase name="TDL_DeleteNewToDoTest" time="0.284" classname="testcases.ToDoListPageTest"/>
</testsuite> <!-- Test -->
