<?xml version="1.0" encoding="UTF-8"?>
<testng-results skipped="0" failed="1" ignored="0" total="11" passed="10">
  <reporter-output>
  </reporter-output>
  <suite name="FREECRM  Automation Test as Per Naveen" duration-ms="135586" started-at="2018-11-06T23:10:07Z" finished-at="2018-11-06T23:12:23Z">
    <groups>
    </groups>
    <test name="FreeCRM Test" duration-ms="135586" started-at="2018-11-06T23:10:07Z" finished-at="2018-11-06T23:12:23Z">
      <class name="testcases.HomePageTest">
        <test-method status="PASS" signature="setUp()[pri:0, instance:testcases.HomePageTest@402a079c]" name="setUp" is-config="true" duration-ms="8850" started-at="2018-11-06T23:10:34Z" finished-at="2018-11-06T23:10:42Z">
          <reporter-output>
          </reporter-output>
        </test-method> <!-- setUp -->
        <test-method status="PASS" signature="HomePageTitleTest()[pri:4, instance:testcases.HomePageTest@402a079c]" name="HomePageTitleTest" duration-ms="15" started-at="2018-11-06T23:10:42Z" finished-at="2018-11-06T23:10:42Z">
          <reporter-output>
          </reporter-output>
        </test-method> <!-- HomePageTitleTest -->
        <test-method status="PASS" signature="tearDown()[pri:0, instance:testcases.HomePageTest@402a079c]" name="tearDown" is-config="true" duration-ms="744" started-at="2018-11-06T23:10:42Z" finished-at="2018-11-06T23:10:43Z">
          <reporter-output>
          </reporter-output>
        </test-method> <!-- tearDown -->
        <test-method status="PASS" signature="setUp()[pri:0, instance:testcases.HomePageTest@402a079c]" name="setUp" is-config="true" duration-ms="8307" started-at="2018-11-06T23:10:43Z" finished-at="2018-11-06T23:10:52Z">
          <reporter-output>
          </reporter-output>
        </test-method> <!-- setUp -->
        <test-method status="PASS" signature="HomePageUserTitleTest()[pri:5, instance:testcases.HomePageTest@402a079c]" name="HomePageUserTitleTest" duration-ms="126" started-at="2018-11-06T23:10:52Z" finished-at="2018-11-06T23:10:52Z">
          <reporter-output>
          </reporter-output>
        </test-method> <!-- HomePageUserTitleTest -->
        <test-method status="PASS" signature="tearDown()[pri:0, instance:testcases.HomePageTest@402a079c]" name="tearDown" is-config="true" duration-ms="825" started-at="2018-11-06T23:10:52Z" finished-at="2018-11-06T23:10:52Z">
          <reporter-output>
          </reporter-output>
        </test-method> <!-- tearDown -->
        <test-method status="PASS" signature="setUp()[pri:0, instance:testcases.HomePageTest@402a079c]" name="setUp" is-config="true" duration-ms="8954" started-at="2018-11-06T23:10:52Z" finished-at="2018-11-06T23:11:01Z">
          <reporter-output>
          </reporter-output>
        </test-method> <!-- setUp -->
        <test-method status="PASS" signature="ContactsPageLinkTest()[pri:6, instance:testcases.HomePageTest@402a079c]" name="ContactsPageLinkTest" duration-ms="1379" started-at="2018-11-06T23:11:01Z" finished-at="2018-11-06T23:11:03Z">
          <reporter-output>
          </reporter-output>
        </test-method> <!-- ContactsPageLinkTest -->
        <test-method status="PASS" signature="tearDown()[pri:0, instance:testcases.HomePageTest@402a079c]" name="tearDown" is-config="true" duration-ms="800" started-at="2018-11-06T23:11:03Z" finished-at="2018-11-06T23:11:04Z">
          <reporter-output>
          </reporter-output>
        </test-method> <!-- tearDown -->
        <test-method status="PASS" signature="setUp()[pri:0, instance:testcases.HomePageTest@402a079c]" name="setUp" is-config="true" duration-ms="8395" started-at="2018-11-06T23:11:04Z" finished-at="2018-11-06T23:11:12Z">
          <reporter-output>
          </reporter-output>
        </test-method> <!-- setUp -->
        <test-method status="PASS" signature="TasksPageLinkTest()[pri:7, instance:testcases.HomePageTest@402a079c]" name="TasksPageLinkTest" duration-ms="1219" started-at="2018-11-06T23:11:12Z" finished-at="2018-11-06T23:11:13Z">
          <reporter-output>
          </reporter-output>
        </test-method> <!-- TasksPageLinkTest -->
        <test-method status="PASS" signature="tearDown()[pri:0, instance:testcases.HomePageTest@402a079c]" name="tearDown" is-config="true" duration-ms="862" started-at="2018-11-06T23:11:13Z" finished-at="2018-11-06T23:11:14Z">
          <reporter-output>
          </reporter-output>
        </test-method> <!-- tearDown -->
      </class> <!-- testcases.HomePageTest -->
      <class name="testcases.LoginPageTest">
        <test-method status="PASS" signature="setUp()[pri:0, instance:testcases.LoginPageTest@6500df86]" name="setUp" is-config="true" duration-ms="8000" started-at="2018-11-06T23:10:07Z" finished-at="2018-11-06T23:10:15Z">
          <reporter-output>
          </reporter-output>
        </test-method> <!-- setUp -->
        <test-method status="PASS" signature="LoginPageTitleTest()[pri:1, instance:testcases.LoginPageTest@6500df86]" name="LoginPageTitleTest" duration-ms="23" started-at="2018-11-06T23:10:15Z" finished-at="2018-11-06T23:10:15Z">
          <reporter-output>
          </reporter-output>
        </test-method> <!-- LoginPageTitleTest -->
        <test-method status="PASS" signature="tearDown()[pri:0, instance:testcases.LoginPageTest@6500df86]" name="tearDown" is-config="true" duration-ms="779" started-at="2018-11-06T23:10:15Z" finished-at="2018-11-06T23:10:16Z">
          <reporter-output>
          </reporter-output>
        </test-method> <!-- tearDown -->
        <test-method status="PASS" signature="setUp()[pri:0, instance:testcases.LoginPageTest@6500df86]" name="setUp" is-config="true" duration-ms="6156" started-at="2018-11-06T23:10:16Z" finished-at="2018-11-06T23:10:22Z">
          <reporter-output>
          </reporter-output>
        </test-method> <!-- setUp -->
        <test-method status="PASS" signature="LoginPageLogoTest()[pri:2, instance:testcases.LoginPageTest@6500df86]" name="LoginPageLogoTest" duration-ms="77" started-at="2018-11-06T23:10:22Z" finished-at="2018-11-06T23:10:22Z">
          <reporter-output>
          </reporter-output>
        </test-method> <!-- LoginPageLogoTest -->
        <test-method status="PASS" signature="tearDown()[pri:0, instance:testcases.LoginPageTest@6500df86]" name="tearDown" is-config="true" duration-ms="936" started-at="2018-11-06T23:10:22Z" finished-at="2018-11-06T23:10:23Z">
          <reporter-output>
          </reporter-output>
        </test-method> <!-- tearDown -->
        <test-method status="PASS" signature="setUp()[pri:0, instance:testcases.LoginPageTest@6500df86]" name="setUp" is-config="true" duration-ms="6557" started-at="2018-11-06T23:10:23Z" finished-at="2018-11-06T23:10:30Z">
          <reporter-output>
          </reporter-output>
        </test-method> <!-- setUp -->
        <test-method status="PASS" signature="ValidateLoginTest()[pri:3, instance:testcases.LoginPageTest@6500df86]" name="ValidateLoginTest" duration-ms="2942" started-at="2018-11-06T23:10:30Z" finished-at="2018-11-06T23:10:33Z">
          <reporter-output>
          </reporter-output>
        </test-method> <!-- ValidateLoginTest -->
        <test-method status="PASS" signature="tearDown()[pri:0, instance:testcases.LoginPageTest@6500df86]" name="tearDown" is-config="true" duration-ms="877" started-at="2018-11-06T23:10:33Z" finished-at="2018-11-06T23:10:34Z">
          <reporter-output>
          </reporter-output>
        </test-method> <!-- tearDown -->
      </class> <!-- testcases.LoginPageTest -->
      <class name="testcases.ContactPageTest">
        <test-method status="PASS" signature="setUp()[pri:0, instance:testcases.ContactPageTest@59ec2012]" name="setUp" is-config="true" duration-ms="9796" started-at="2018-11-06T23:11:14Z" finished-at="2018-11-06T23:11:24Z">
          <reporter-output>
          </reporter-output>
        </test-method> <!-- setUp -->
        <test-method status="PASS" signature="ContactPageTitleTest()[pri:8, instance:testcases.ContactPageTest@59ec2012]" name="ContactPageTitleTest" duration-ms="47" started-at="2018-11-06T23:11:24Z" finished-at="2018-11-06T23:11:24Z">
          <reporter-output>
          </reporter-output>
        </test-method> <!-- ContactPageTitleTest -->
        <test-method status="PASS" signature="tearDown()[pri:0, instance:testcases.ContactPageTest@59ec2012]" name="tearDown" is-config="true" duration-ms="810" started-at="2018-11-06T23:11:24Z" finished-at="2018-11-06T23:11:25Z">
          <reporter-output>
          </reporter-output>
        </test-method> <!-- tearDown -->
        <test-method status="PASS" signature="setUp()[pri:0, instance:testcases.ContactPageTest@59ec2012]" name="setUp" is-config="true" duration-ms="10218" started-at="2018-11-06T23:11:25Z" finished-at="2018-11-06T23:11:35Z">
          <reporter-output>
          </reporter-output>
        </test-method> <!-- setUp -->
        <test-method status="PASS" signature="OwnerNameTest()[pri:9, instance:testcases.ContactPageTest@59ec2012]" name="OwnerNameTest" duration-ms="57" started-at="2018-11-06T23:11:35Z" finished-at="2018-11-06T23:11:35Z">
          <reporter-output>
          </reporter-output>
        </test-method> <!-- OwnerNameTest -->
        <test-method status="PASS" signature="tearDown()[pri:0, instance:testcases.ContactPageTest@59ec2012]" name="tearDown" is-config="true" duration-ms="835" started-at="2018-11-06T23:11:35Z" finished-at="2018-11-06T23:11:36Z">
          <reporter-output>
          </reporter-output>
        </test-method> <!-- tearDown -->
        <test-method status="PASS" signature="setUp()[pri:0, instance:testcases.ContactPageTest@59ec2012]" name="setUp" is-config="true" duration-ms="9793" started-at="2018-11-06T23:11:36Z" finished-at="2018-11-06T23:11:46Z">
          <reporter-output>
          </reporter-output>
        </test-method> <!-- setUp -->
        <test-method status="FAIL" signature="SelectContactbyName()[pri:10, instance:testcases.ContactPageTest@59ec2012]" name="SelectContactbyName" duration-ms="20456" started-at="2018-11-06T23:11:46Z" finished-at="2018-11-06T23:12:06Z">
          <exception class="org.openqa.selenium.NoSuchElementException">
            <message>
              <![CDATA[no such element: Unable to locate element: {"method":"xpath","selector":"//a[contains(text(),'Shabbir Ahmed')]/parent::td/preceding-sibling::td/input"}
  (Session info: chrome=70.0.3538.77)
  (Driver info: chromedriver=2.40.565498 (ea082db3280dd6843ebfb08a625e3eb905c4f5ab),platform=Windows NT 10.0.17134 x86_64) (WARNING: The server did not provide any stacktrace information)
Command duration or timeout: 0 milliseconds
For documentation on this error, please visit: http://seleniumhq.org/exceptions/no_such_element.html
Build info: version: '3.14.0', revision: 'aacccce0', time: '2018-08-02T20:19:58.91Z'
System info: host: 'SHABBIR-PC', ip: '192.168.56.1', os.name: 'Windows 10', os.arch: 'amd64', os.version: '10.0', java.version: '1.8.0_181'
Driver info: org.openqa.selenium.chrome.ChromeDriver
Capabilities {acceptInsecureCerts: false, acceptSslCerts: false, applicationCacheEnabled: false, browserConnectionEnabled: false, browserName: chrome, chrome: {chromedriverVersion: 2.40.565498 (ea082db3280dd6..., userDataDir: C:\Users\Shabbir\AppData\Lo...}, cssSelectorsEnabled: true, databaseEnabled: false, handlesAlerts: true, hasTouchScreen: false, javascriptEnabled: true, locationContextEnabled: true, mobileEmulationEnabled: false, nativeEvents: true, networkConnectionEnabled: false, pageLoadStrategy: normal, platform: XP, platformName: XP, rotatable: false, setWindowRect: true, takesHeapSnapshot: true, takesScreenshot: true, unexpectedAlertBehaviour: , unhandledPromptBehavior: , version: 70.0.3538.77, webStorageEnabled: true}
Session ID: 3f3342d358e66da6d8855459f0f42d45
*** Element info: {Using=xpath, value=//a[contains(text(),'Shabbir Ahmed')]/parent::td/preceding-sibling::td/input}]]>
            </message>
            <full-stacktrace>
              <![CDATA[org.openqa.selenium.NoSuchElementException: no such element: Unable to locate element: {"method":"xpath","selector":"//a[contains(text(),'Shabbir Ahmed')]/parent::td/preceding-sibling::td/input"}
  (Session info: chrome=70.0.3538.77)
  (Driver info: chromedriver=2.40.565498 (ea082db3280dd6843ebfb08a625e3eb905c4f5ab),platform=Windows NT 10.0.17134 x86_64) (WARNING: The server did not provide any stacktrace information)
Command duration or timeout: 0 milliseconds
For documentation on this error, please visit: http://seleniumhq.org/exceptions/no_such_element.html
Build info: version: '3.14.0', revision: 'aacccce0', time: '2018-08-02T20:19:58.91Z'
System info: host: 'SHABBIR-PC', ip: '192.168.56.1', os.name: 'Windows 10', os.arch: 'amd64', os.version: '10.0', java.version: '1.8.0_181'
Driver info: org.openqa.selenium.chrome.ChromeDriver
Capabilities {acceptInsecureCerts: false, acceptSslCerts: false, applicationCacheEnabled: false, browserConnectionEnabled: false, browserName: chrome, chrome: {chromedriverVersion: 2.40.565498 (ea082db3280dd6..., userDataDir: C:\Users\Shabbir\AppData\Lo...}, cssSelectorsEnabled: true, databaseEnabled: false, handlesAlerts: true, hasTouchScreen: false, javascriptEnabled: true, locationContextEnabled: true, mobileEmulationEnabled: false, nativeEvents: true, networkConnectionEnabled: false, pageLoadStrategy: normal, platform: XP, platformName: XP, rotatable: false, setWindowRect: true, takesHeapSnapshot: true, takesScreenshot: true, unexpectedAlertBehaviour: , unhandledPromptBehavior: , version: 70.0.3538.77, webStorageEnabled: true}
Session ID: 3f3342d358e66da6d8855459f0f42d45
*** Element info: {Using=xpath, value=//a[contains(text(),'Shabbir Ahmed')]/parent::td/preceding-sibling::td/input}
at sun.reflect.NativeConstructorAccessorImpl.newInstance0(Native Method)
at sun.reflect.NativeConstructorAccessorImpl.newInstance(Unknown Source)
at sun.reflect.DelegatingConstructorAccessorImpl.newInstance(Unknown Source)
at java.lang.reflect.Constructor.newInstance(Unknown Source)
at org.openqa.selenium.remote.ErrorHandler.createThrowable(ErrorHandler.java:214)
at org.openqa.selenium.remote.ErrorHandler.throwIfResponseFailed(ErrorHandler.java:166)
at org.openqa.selenium.remote.http.JsonHttpResponseCodec.reconstructValue(JsonHttpResponseCodec.java:40)
at org.openqa.selenium.remote.http.AbstractHttpResponseCodec.decode(AbstractHttpResponseCodec.java:80)
at org.openqa.selenium.remote.http.AbstractHttpResponseCodec.decode(AbstractHttpResponseCodec.java:44)
at org.openqa.selenium.remote.HttpCommandExecutor.execute(HttpCommandExecutor.java:158)
at org.openqa.selenium.remote.service.DriverCommandExecutor.execute(DriverCommandExecutor.java:83)
at org.openqa.selenium.remote.RemoteWebDriver.execute(RemoteWebDriver.java:548)
at org.openqa.selenium.remote.RemoteWebDriver.findElement(RemoteWebDriver.java:322)
at org.openqa.selenium.remote.RemoteWebDriver.findElementByXPath(RemoteWebDriver.java:424)
at org.openqa.selenium.By$ByXPath.findElement(By.java:353)
at org.openqa.selenium.remote.RemoteWebDriver.findElement(RemoteWebDriver.java:314)
at sun.reflect.GeneratedMethodAccessor4.invoke(Unknown Source)
at sun.reflect.DelegatingMethodAccessorImpl.invoke(Unknown Source)
at java.lang.reflect.Method.invoke(Unknown Source)
at org.openqa.selenium.support.events.EventFiringWebDriver.lambda$new$1(EventFiringWebDriver.java:105)
at com.sun.proxy.$Proxy8.findElement(Unknown Source)
at org.openqa.selenium.support.events.EventFiringWebDriver.findElement(EventFiringWebDriver.java:194)
at pages.ContactsPage.SelectContactbyName(ContactsPage.java:62)
at testcases.ContactPageTest.SelectContactbyName(ContactPageTest.java:59)
at sun.reflect.NativeMethodAccessorImpl.invoke0(Native Method)
at sun.reflect.NativeMethodAccessorImpl.invoke(Unknown Source)
at sun.reflect.DelegatingMethodAccessorImpl.invoke(Unknown Source)
at java.lang.reflect.Method.invoke(Unknown Source)
at org.testng.internal.MethodInvocationHelper.invokeMethod(MethodInvocationHelper.java:124)
at org.testng.internal.Invoker.invokeMethod(Invoker.java:580)
at org.testng.internal.Invoker.invokeTestMethod(Invoker.java:716)
at org.testng.internal.Invoker.invokeTestMethods(Invoker.java:988)
at org.testng.internal.TestMethodWorker.invokeTestMethods(TestMethodWorker.java:125)
at org.testng.internal.TestMethodWorker.run(TestMethodWorker.java:109)
at org.testng.TestRunner.privateRun(TestRunner.java:648)
at org.testng.TestRunner.run(TestRunner.java:505)
at org.testng.SuiteRunner.runTest(SuiteRunner.java:455)
at org.testng.SuiteRunner.runSequentially(SuiteRunner.java:450)
at org.testng.SuiteRunner.privateRun(SuiteRunner.java:415)
at org.testng.SuiteRunner.run(SuiteRunner.java:364)
at org.testng.SuiteRunnerWorker.runSuite(SuiteRunnerWorker.java:52)
at org.testng.SuiteRunnerWorker.run(SuiteRunnerWorker.java:84)
at org.testng.TestNG.runSuitesSequentially(TestNG.java:1208)
at org.testng.TestNG.runSuitesLocally(TestNG.java:1137)
at org.testng.TestNG.runSuites(TestNG.java:1049)
at org.testng.TestNG.run(TestNG.java:1017)
at org.testng.remote.AbstractRemoteTestNG.run(AbstractRemoteTestNG.java:114)
at org.testng.remote.RemoteTestNG.initAndRun(RemoteTestNG.java:251)
at org.testng.remote.RemoteTestNG.main(RemoteTestNG.java:77)
]]>
            </full-stacktrace>
          </exception> <!-- org.openqa.selenium.NoSuchElementException -->
          <reporter-output>
          </reporter-output>
        </test-method> <!-- SelectContactbyName -->
        <test-method status="PASS" signature="tearDown()[pri:0, instance:testcases.ContactPageTest@59ec2012]" name="tearDown" is-config="true" duration-ms="778" started-at="2018-11-06T23:12:06Z" finished-at="2018-11-06T23:12:07Z">
          <reporter-output>
          </reporter-output>
        </test-method> <!-- tearDown -->
        <test-method status="PASS" signature="setUp()[pri:0, instance:testcases.ContactPageTest@59ec2012]" name="setUp" is-config="true" duration-ms="10516" started-at="2018-11-06T23:12:08Z" finished-at="2018-11-06T23:12:18Z">
          <reporter-output>
          </reporter-output>
        </test-method> <!-- setUp -->
        <test-method status="PASS" signature="CreateNewContact(java.lang.String, java.lang.String, java.lang.String, java.lang.String, java.lang.String)[pri:12, instance:testcases.ContactPageTest@59ec2012]" name="CreateNewContact" duration-ms="3612" started-at="2018-11-06T23:12:18Z" data-provider="getData" finished-at="2018-11-06T23:12:22Z">
          <params>
            <param index="0">
              <value>
                <![CDATA[Mrs.]]>
              </value>
            </param>
            <param index="1">
              <value>
                <![CDATA[Irene]]>
              </value>
            </param>
            <param index="2">
              <value>
                <![CDATA[Haider]]>
              </value>
            </param>
            <param index="3">
              <value>
                <![CDATA[Haider1234@hotmail.com]]>
              </value>
            </param>
            <param index="4">
              <value>
                <![CDATA[Nothing Bundt Cake]]>
              </value>
            </param>
          </params>
          <reporter-output>
          </reporter-output>
        </test-method> <!-- CreateNewContact -->
        <test-method status="PASS" signature="tearDown()[pri:0, instance:testcases.ContactPageTest@59ec2012]" name="tearDown" is-config="true" duration-ms="841" started-at="2018-11-06T23:12:22Z" finished-at="2018-11-06T23:12:23Z">
          <reporter-output>
          </reporter-output>
        </test-method> <!-- tearDown -->
      </class> <!-- testcases.ContactPageTest -->
    </test> <!-- FreeCRM Test -->
  </suite> <!-- FREECRM  Automation Test as Per Naveen -->
</testng-results>
