<?xml version="1.0" encoding="UTF-8"?>
<testng-results skipped="0" failed="0" total="14" passed="14">
  <reporter-output>
  </reporter-output>
  <suite name="Suite" duration-ms="60919" started-at="2019-11-25T03:40:00Z" finished-at="2019-11-25T03:41:01Z">
    <groups>
    </groups>
    <test name="Test" duration-ms="60919" started-at="2019-11-25T03:40:00Z" finished-at="2019-11-25T03:41:01Z">
      <class name="testcases.ToDoListPageTest">
        <test-method status="PASS" signature="setUp()[pri:0, instance:testcases.ToDoListPageTest@343f4d3d]" name="setUp" is-config="true" duration-ms="10535" started-at="2019-11-24T22:40:45Z" finished-at="2019-11-24T22:40:56Z">
          <reporter-output>
          </reporter-output>
        </test-method> <!-- setUp -->
        <test-method status="PASS" signature="TDL_TitleTest()[pri:0, instance:testcases.ToDoListPageTest@343f4d3d]" name="TDL_TitleTest" duration-ms="4103" started-at="2019-11-24T22:40:56Z" finished-at="2019-11-24T22:41:00Z">
          <reporter-output>
          </reporter-output>
        </test-method> <!-- TDL_TitleTest -->
        <test-method status="PASS" signature="TDL_AddNewToDoTest()[pri:0, instance:testcases.ToDoListPageTest@343f4d3d]" name="TDL_AddNewToDoTest" duration-ms="193" started-at="2019-11-24T22:41:00Z" finished-at="2019-11-24T22:41:00Z">
          <reporter-output>
          </reporter-output>
        </test-method> <!-- TDL_AddNewToDoTest -->
        <test-method status="PASS" signature="TDL_DeleteNewToDoTest()[pri:0, instance:testcases.ToDoListPageTest@343f4d3d]" name="TDL_DeleteNewToDoTest" duration-ms="284" started-at="2019-11-24T22:41:00Z" finished-at="2019-11-24T22:41:00Z">
          <reporter-output>
          </reporter-output>
        </test-method> <!-- TDL_DeleteNewToDoTest -->
        <test-method status="PASS" signature="tearDown()[pri:0, instance:testcases.ToDoListPageTest@343f4d3d]" name="tearDown" is-config="true" duration-ms="685" started-at="2019-11-24T22:41:00Z" finished-at="2019-11-24T22:41:01Z">
          <reporter-output>
          </reporter-output>
        </test-method> <!-- tearDown -->
      </class> <!-- testcases.ToDoListPageTest -->
      <class name="testcases.HomePageTest">
        <test-method status="PASS" signature="setUp()[pri:0, instance:testcases.HomePageTest@42e26948]" name="setUp" is-config="true" duration-ms="12360" started-at="2019-11-24T22:40:00Z" finished-at="2019-11-24T22:40:12Z">
          <reporter-output>
          </reporter-output>
        </test-method> <!-- setUp -->
        <test-method status="PASS" signature="HomePage_TitleTest()[pri:1, instance:testcases.HomePageTest@42e26948]" name="HomePage_TitleTest" duration-ms="17" started-at="2019-11-24T22:40:12Z" finished-at="2019-11-24T22:40:12Z">
          <reporter-output>
          </reporter-output>
        </test-method> <!-- HomePage_TitleTest -->
        <test-method status="PASS" signature="HomePage_ButtonClicksTest()[pri:2, instance:testcases.HomePageTest@42e26948]" name="HomePage_ButtonClicksTest" duration-ms="96" started-at="2019-11-24T22:40:12Z" finished-at="2019-11-24T22:40:13Z">
          <reporter-output>
          </reporter-output>
        </test-method> <!-- HomePage_ButtonClicksTest -->
        <test-method status="PASS" signature="HomePage_ToDoListTest()[pri:3, instance:testcases.HomePageTest@42e26948]" name="HomePage_ToDoListTest" duration-ms="31" started-at="2019-11-24T22:40:13Z" finished-at="2019-11-24T22:40:13Z">
          <reporter-output>
          </reporter-output>
        </test-method> <!-- HomePage_ToDoListTest -->
        <test-method status="PASS" signature="HomePage_PageObjectModelTest()[pri:4, instance:testcases.HomePageTest@42e26948]" name="HomePage_PageObjectModelTest" duration-ms="73" started-at="2019-11-24T22:40:13Z" finished-at="2019-11-24T22:40:13Z">
          <reporter-output>
          </reporter-output>
        </test-method> <!-- HomePage_PageObjectModelTest -->
        <test-method status="PASS" signature="HomePage_ButtonsClickLinkTest()[pri:5, instance:testcases.HomePageTest@42e26948]" name="HomePage_ButtonsClickLinkTest" duration-ms="137" started-at="2019-11-24T22:40:13Z" finished-at="2019-11-24T22:40:13Z">
          <reporter-output>
          </reporter-output>
        </test-method> <!-- HomePage_ButtonsClickLinkTest -->
        <test-method status="PASS" signature="tearDown()[pri:0, instance:testcases.HomePageTest@42e26948]" name="tearDown" is-config="true" duration-ms="692" started-at="2019-11-24T22:40:13Z" finished-at="2019-11-24T22:40:14Z">
          <reporter-output>
          </reporter-output>
        </test-method> <!-- tearDown -->
      </class> <!-- testcases.HomePageTest -->
      <class name="testcases.ButtonClicksPageTest">
        <test-method status="PASS" signature="setUp()[pri:0, instance:testcases.ButtonClicksPageTest@57baeedf]" name="setUp" is-config="true" duration-ms="10267" started-at="2019-11-24T22:40:14Z" finished-at="2019-11-24T22:40:24Z">
          <reporter-output>
          </reporter-output>
        </test-method> <!-- setUp -->
        <test-method status="PASS" signature="ButtonClicks_HeaderTest()[pri:0, instance:testcases.ButtonClicksPageTest@57baeedf]" name="ButtonClicks_HeaderTest" duration-ms="4071" started-at="2019-11-24T22:40:24Z" finished-at="2019-11-24T22:40:28Z">
          <reporter-output>
          </reporter-output>
        </test-method> <!-- ButtonClicks_HeaderTest -->
        <test-method status="PASS" signature="ButtonClicks_WebElementClickTitleTest()[pri:2, instance:testcases.ButtonClicksPageTest@57baeedf]" name="ButtonClicks_WebElementClickTitleTest" duration-ms="23" started-at="2019-11-24T22:40:28Z" finished-at="2019-11-24T22:40:28Z">
          <reporter-output>
          </reporter-output>
        </test-method> <!-- ButtonClicks_WebElementClickTitleTest -->
        <test-method status="PASS" signature="ButtonClicks_JavaScriptTitleTest()[pri:3, instance:testcases.ButtonClicksPageTest@57baeedf]" name="ButtonClicks_JavaScriptTitleTest" duration-ms="27" started-at="2019-11-24T22:40:28Z" finished-at="2019-11-24T22:40:28Z">
          <reporter-output>
          </reporter-output>
        </test-method> <!-- ButtonClicks_JavaScriptTitleTest -->
        <test-method status="PASS" signature="ButtonClicks_ActionTitleTest()[pri:4, instance:testcases.ButtonClicksPageTest@57baeedf]" name="ButtonClicks_ActionTitleTest" duration-ms="27" started-at="2019-11-24T22:40:28Z" finished-at="2019-11-24T22:40:28Z">
          <reporter-output>
          </reporter-output>
        </test-method> <!-- ButtonClicks_ActionTitleTest -->
        <test-method status="PASS" signature="ButtonClicks_JSClickTest()[pri:6, instance:testcases.ButtonClicksPageTest@57baeedf]" name="ButtonClicks_JSClickTest" duration-ms="8241" started-at="2019-11-24T22:40:28Z" finished-at="2019-11-24T22:40:36Z">
          <reporter-output>
          </reporter-output>
        </test-method> <!-- ButtonClicks_JSClickTest -->
        <test-method status="PASS" signature="ButtonClicks_ActionMoveClickTest()[pri:7, instance:testcases.ButtonClicksPageTest@57baeedf]" name="ButtonClicks_ActionMoveClickTest" duration-ms="8277" started-at="2019-11-24T22:40:36Z" finished-at="2019-11-24T22:40:44Z">
          <reporter-output>
          </reporter-output>
        </test-method> <!-- ButtonClicks_ActionMoveClickTest -->
        <test-method status="PASS" signature="tearDown()[pri:0, instance:testcases.ButtonClicksPageTest@57baeedf]" name="tearDown" is-config="true" duration-ms="722" started-at="2019-11-24T22:40:44Z" finished-at="2019-11-24T22:40:45Z">
          <reporter-output>
          </reporter-output>
        </test-method> <!-- tearDown -->
      </class> <!-- testcases.ButtonClicksPageTest -->
    </test> <!-- Test -->
  </suite> <!-- Suite -->
</testng-results>
